<?xml version="1.0" encoding="UTF-8"?>
<testsuite xmlns:xsi="http://www.w3.org/2001/XMLSchema-instance" xsi:noNamespaceSchemaLocation="https://maven.apache.org/surefire/maven-surefire-plugin/xsd/surefire-test-report.xsd" name="com.nickslibrary.linear.DynamicArrayTest" time="0.02" tests="9" errors="0" skipped="0" failures="0">
  <properties>
[...]
</properties>
  <testcase name="testOutOfBounds" classname="com.nickslibrary.linear.DynamicArrayTest" time="0.011"/>
  <testcase name="testAddElement" classname="com.nickslibrary.linear.DynamicArrayTest" time="0"/>
  <testcase name="testTriggerResize" classname="com.nickslibrary.linear.DynamicArrayTest" time="0"/>
  <testcase name="testShrinkResize" classname="com.nickslibrary.linear.DynamicArrayTest" time="0.001"/>
  <testcase name="testListConstructor" classname="com.nickslibrary.linear.DynamicArrayTest" time="0"/>
  <testcase name="testRemoveElement" classname="com.nickslibrary.linear.DynamicArrayTest" time="0"/>
  <testcase name="testRetrieveElement" classname="com.nickslibrary.linear.DynamicArrayTest" time="0"/>
  <testcase name="testDefaultConstructor" classname="com.nickslibrary.linear.DynamicArrayTest" time="0.001"/>
  <testcase name="testCapacityConstructor" classname="com.nickslibrary.linear.DynamicArrayTest" time="0"/>
</testsuite>